{"/home/girish/girish-saana-fullstack/node/07-Integration-Tested-User-Service/src/app.ts": {"path":"/home/girish/girish-saana-fullstack/node/07-Integration-Tested-User-Service/src/app.ts","statementMap":{"0":{"start":{"line":7,"column":6},"end":{"line":7,"column":null}},"1":{"start":{"line":9,"column":0},"end":{"line":9,"column":null}},"2":{"start":{"line":11,"column":0},"end":{"line":11,"column":null}},"3":{"start":{"line":12,"column":0},"end":{"line":12,"column":null}},"4":{"start":{"line":13,"column":0},"end":{"line":13,"column":null}},"5":{"start":{"line":15,"column":0},"end":{"line":15,"column":null}}},"fnMap":{},"branchMap":{},"s":{"0":3,"1":3,"2":3,"3":3,"4":3,"5":3},"f":{},"b":{},"meta":{"lastBranch":0,"lastFunction":0,"lastStatement":6,"seen":{"s:7:6:7:Infinity":0,"s:9:0:9:Infinity":1,"s:11:0:11:Infinity":2,"s:12:0:12:Infinity":3,"s:13:0:13:Infinity":4,"s:15:0:15:Infinity":5}}}
,"/home/girish/girish-saana-fullstack/node/07-Integration-Tested-User-Service/src/controllers/notes.controller.ts": {"path":"/home/girish/girish-saana-fullstack/node/07-Integration-Tested-User-Service/src/controllers/notes.controller.ts","statementMap":{"0":{"start":{"line":9,"column":2},"end":{"line":27,"column":null}},"1":{"start":{"line":10,"column":19},"end":{"line":10,"column":null}},"2":{"start":{"line":11,"column":24},"end":{"line":11,"column":null}},"3":{"start":{"line":12,"column":4},"end":{"line":15,"column":null}},"4":{"start":{"line":13,"column":6},"end":{"line":13,"column":null}},"5":{"start":{"line":14,"column":6},"end":{"line":14,"column":null}},"6":{"start":{"line":16,"column":17},"end":{"line":16,"column":null}},"7":{"start":{"line":17,"column":4},"end":{"line":17,"column":null}},"8":{"start":{"line":19,"column":4},"end":{"line":25,"column":null}},"9":{"start":{"line":23,"column":6},"end":{"line":23,"column":null}},"10":{"start":{"line":24,"column":6},"end":{"line":24,"column":null}},"11":{"start":{"line":26,"column":4},"end":{"line":26,"column":null}},"12":{"start":{"line":35,"column":2},"end":{"line":40,"column":null}},"13":{"start":{"line":36,"column":18},"end":{"line":36,"column":null}},"14":{"start":{"line":37,"column":4},"end":{"line":37,"column":null}},"15":{"start":{"line":39,"column":4},"end":{"line":39,"column":null}},"16":{"start":{"line":44,"column":2},"end":{"line":53,"column":null}},"17":{"start":{"line":45,"column":17},"end":{"line":45,"column":null}},"18":{"start":{"line":46,"column":4},"end":{"line":49,"column":null}},"19":{"start":{"line":47,"column":6},"end":{"line":47,"column":null}},"20":{"start":{"line":48,"column":6},"end":{"line":48,"column":null}},"21":{"start":{"line":50,"column":4},"end":{"line":50,"column":null}},"22":{"start":{"line":52,"column":4},"end":{"line":52,"column":null}}},"fnMap":{"0":{"name":"createNote","decl":{"start":{"line":4,"column":22},"end":{"line":4,"column":null}},"loc":{"start":{"line":8,"column":2},"end":{"line":28,"column":null}},"line":8},"1":{"name":"getNotesByUser","decl":{"start":{"line":30,"column":22},"end":{"line":30,"column":null}},"loc":{"start":{"line":34,"column":2},"end":{"line":41,"column":null}},"line":34},"2":{"name":"getNote","decl":{"start":{"line":43,"column":22},"end":{"line":43,"column":30}},"loc":{"start":{"line":43,"column":79},"end":{"line":54,"column":null}},"line":43}},"branchMap":{"0":{"loc":{"start":{"line":12,"column":4},"end":{"line":15,"column":null}},"type":"if","locations":[{"start":{"line":12,"column":4},"end":{"line":15,"column":null}},{"start":{},"end":{}}],"line":12},"1":{"loc":{"start":{"line":19,"column":4},"end":{"line":25,"column":null}},"type":"if","locations":[{"start":{"line":19,"column":4},"end":{"line":25,"column":null}},{"start":{},"end":{}}],"line":19},"2":{"loc":{"start":{"line":20,"column":6},"end":{"line":21,"column":null}},"type":"binary-expr","locations":[{"start":{"line":20,"column":6},"end":{"line":20,"column":null}},{"start":{"line":21,"column":7},"end":{"line":21,"column":22}},{"start":{"line":21,"column":22},"end":{"line":21,"column":null}}],"line":20},"3":{"loc":{"start":{"line":46,"column":4},"end":{"line":49,"column":null}},"type":"if","locations":[{"start":{"line":46,"column":4},"end":{"line":49,"column":null}},{"start":{},"end":{}}],"line":46}},"s":{"0":3,"1":3,"2":3,"3":3,"4":1,"5":1,"6":2,"7":1,"8":1,"9":1,"10":1,"11":0,"12":2,"13":2,"14":2,"15":0,"16":2,"17":2,"18":2,"19":1,"20":1,"21":1,"22":0},"f":{"0":3,"1":2,"2":2},"b":{"0":[1,2],"1":[1,0],"2":[1,1,1],"3":[1,1]},"meta":{"lastBranch":4,"lastFunction":3,"lastStatement":23,"seen":{"f:4:22:4:Infinity":0,"s:9:2:27:Infinity":0,"s:10:19:10:Infinity":1,"s:11:24:11:Infinity":2,"b:12:4:15:Infinity:undefined:undefined:undefined:undefined":0,"s:12:4:15:Infinity":3,"s:13:6:13:Infinity":4,"s:14:6:14:Infinity":5,"s:16:17:16:Infinity":6,"s:17:4:17:Infinity":7,"b:19:4:25:Infinity:undefined:undefined:undefined:undefined":1,"s:19:4:25:Infinity":8,"b:20:6:20:Infinity:21:7:21:22:21:22:21:Infinity":2,"s:23:6:23:Infinity":9,"s:24:6:24:Infinity":10,"s:26:4:26:Infinity":11,"f:30:22:30:Infinity":1,"s:35:2:40:Infinity":12,"s:36:18:36:Infinity":13,"s:37:4:37:Infinity":14,"s:39:4:39:Infinity":15,"f:43:22:43:30":2,"s:44:2:53:Infinity":16,"s:45:17:45:Infinity":17,"b:46:4:49:Infinity:undefined:undefined:undefined:undefined":3,"s:46:4:49:Infinity":18,"s:47:6:47:Infinity":19,"s:48:6:48:Infinity":20,"s:50:4:50:Infinity":21,"s:52:4:52:Infinity":22}}}
,"/home/girish/girish-saana-fullstack/node/07-Integration-Tested-User-Service/src/controllers/users.controller.ts": {"path":"/home/girish/girish-saana-fullstack/node/07-Integration-Tested-User-Service/src/controllers/users.controller.ts","statementMap":{"0":{"start":{"line":10,"column":2},"end":{"line":24,"column":null}},"1":{"start":{"line":11,"column":28},"end":{"line":11,"column":null}},"2":{"start":{"line":12,"column":4},"end":{"line":15,"column":null}},"3":{"start":{"line":13,"column":6},"end":{"line":13,"column":null}},"4":{"start":{"line":14,"column":6},"end":{"line":14,"column":null}},"5":{"start":{"line":16,"column":17},"end":{"line":16,"column":null}},"6":{"start":{"line":17,"column":4},"end":{"line":17,"column":null}},"7":{"start":{"line":19,"column":4},"end":{"line":22,"column":null}},"8":{"start":{"line":20,"column":6},"end":{"line":20,"column":null}},"9":{"start":{"line":21,"column":6},"end":{"line":21,"column":null}},"10":{"start":{"line":23,"column":4},"end":{"line":23,"column":null}},"11":{"start":{"line":28,"column":2},"end":{"line":37,"column":null}},"12":{"start":{"line":29,"column":17},"end":{"line":29,"column":null}},"13":{"start":{"line":30,"column":4},"end":{"line":33,"column":null}},"14":{"start":{"line":31,"column":6},"end":{"line":31,"column":null}},"15":{"start":{"line":32,"column":6},"end":{"line":32,"column":null}},"16":{"start":{"line":34,"column":4},"end":{"line":34,"column":null}},"17":{"start":{"line":36,"column":4},"end":{"line":36,"column":null}},"18":{"start":{"line":45,"column":2},"end":{"line":54,"column":null}},"19":{"start":{"line":46,"column":20},"end":{"line":46,"column":null}},"20":{"start":{"line":47,"column":4},"end":{"line":47,"column":null}},"21":{"start":{"line":49,"column":4},"end":{"line":52,"column":null}},"22":{"start":{"line":50,"column":6},"end":{"line":50,"column":null}},"23":{"start":{"line":51,"column":6},"end":{"line":51,"column":null}},"24":{"start":{"line":53,"column":4},"end":{"line":53,"column":null}}},"fnMap":{"0":{"name":"createUser","decl":{"start":{"line":5,"column":22},"end":{"line":5,"column":null}},"loc":{"start":{"line":9,"column":2},"end":{"line":25,"column":null}},"line":9},"1":{"name":"getUser","decl":{"start":{"line":27,"column":22},"end":{"line":27,"column":30}},"loc":{"start":{"line":27,"column":79},"end":{"line":38,"column":null}},"line":27},"2":{"name":"getGithubProfile","decl":{"start":{"line":40,"column":22},"end":{"line":40,"column":null}},"loc":{"start":{"line":44,"column":2},"end":{"line":55,"column":null}},"line":44}},"branchMap":{"0":{"loc":{"start":{"line":12,"column":4},"end":{"line":15,"column":null}},"type":"if","locations":[{"start":{"line":12,"column":4},"end":{"line":15,"column":null}},{"start":{},"end":{}}],"line":12},"1":{"loc":{"start":{"line":12,"column":8},"end":{"line":12,"column":25}},"type":"binary-expr","locations":[{"start":{"line":12,"column":8},"end":{"line":12,"column":18}},{"start":{"line":12,"column":18},"end":{"line":12,"column":25}}],"line":12},"2":{"loc":{"start":{"line":19,"column":4},"end":{"line":22,"column":null}},"type":"if","locations":[{"start":{"line":19,"column":4},"end":{"line":22,"column":null}},{"start":{},"end":{}}],"line":19},"3":{"loc":{"start":{"line":30,"column":4},"end":{"line":33,"column":null}},"type":"if","locations":[{"start":{"line":30,"column":4},"end":{"line":33,"column":null}},{"start":{},"end":{}}],"line":30},"4":{"loc":{"start":{"line":49,"column":4},"end":{"line":52,"column":null}},"type":"if","locations":[{"start":{"line":49,"column":4},"end":{"line":52,"column":null}},{"start":{},"end":{}}],"line":49}},"s":{"0":5,"1":5,"2":5,"3":2,"4":2,"5":3,"6":2,"7":1,"8":1,"9":1,"10":0,"11":2,"12":2,"13":2,"14":1,"15":1,"16":1,"17":0,"18":4,"19":4,"20":1,"21":3,"22":2,"23":2,"24":1},"f":{"0":5,"1":2,"2":4},"b":{"0":[2,3],"1":[5,4],"2":[1,0],"3":[1,1],"4":[2,1]},"meta":{"lastBranch":5,"lastFunction":3,"lastStatement":25,"seen":{"f:5:22:5:Infinity":0,"s:10:2:24:Infinity":0,"s:11:28:11:Infinity":1,"b:12:4:15:Infinity:undefined:undefined:undefined:undefined":0,"s:12:4:15:Infinity":2,"b:12:8:12:18:12:18:12:25":1,"s:13:6:13:Infinity":3,"s:14:6:14:Infinity":4,"s:16:17:16:Infinity":5,"s:17:4:17:Infinity":6,"b:19:4:22:Infinity:undefined:undefined:undefined:undefined":2,"s:19:4:22:Infinity":7,"s:20:6:20:Infinity":8,"s:21:6:21:Infinity":9,"s:23:4:23:Infinity":10,"f:27:22:27:30":1,"s:28:2:37:Infinity":11,"s:29:17:29:Infinity":12,"b:30:4:33:Infinity:undefined:undefined:undefined:undefined":3,"s:30:4:33:Infinity":13,"s:31:6:31:Infinity":14,"s:32:6:32:Infinity":15,"s:34:4:34:Infinity":16,"s:36:4:36:Infinity":17,"f:40:22:40:Infinity":2,"s:45:2:54:Infinity":18,"s:46:20:46:Infinity":19,"s:47:4:47:Infinity":20,"b:49:4:52:Infinity:undefined:undefined:undefined:undefined":4,"s:49:4:52:Infinity":21,"s:50:6:50:Infinity":22,"s:51:6:51:Infinity":23,"s:53:4:53:Infinity":24}}}
,"/home/girish/girish-saana-fullstack/node/07-Integration-Tested-User-Service/src/db/pool.ts": {"path":"/home/girish/girish-saana-fullstack/node/07-Integration-Tested-User-Service/src/db/pool.ts","statementMap":{"0":{"start":{"line":6,"column":2},"end":{"line":6,"column":null}},"1":{"start":{"line":9,"column":20},"end":{"line":20,"column":null}},"2":{"start":{"line":11,"column":4},"end":{"line":13,"column":null}},"3":{"start":{"line":12,"column":6},"end":{"line":12,"column":null}},"4":{"start":{"line":14,"column":19},"end":{"line":14,"column":null}},"5":{"start":{"line":15,"column":4},"end":{"line":17,"column":null}},"6":{"start":{"line":16,"column":6},"end":{"line":16,"column":null}},"7":{"start":{"line":18,"column":4},"end":{"line":18,"column":null}}},"fnMap":{"0":{"name":"setPool","decl":{"start":{"line":5,"column":16},"end":{"line":5,"column":24}},"loc":{"start":{"line":5,"column":33},"end":{"line":7,"column":null}},"line":5},"1":{"name":"(anonymous_1)","decl":{"start":{"line":10,"column":2},"end":{"line":10,"column":6}},"loc":{"start":{"line":10,"column":21},"end":{"line":19,"column":null}},"line":10}},"branchMap":{"0":{"loc":{"start":{"line":11,"column":4},"end":{"line":13,"column":null}},"type":"if","locations":[{"start":{"line":11,"column":4},"end":{"line":13,"column":null}},{"start":{},"end":{}}],"line":11},"1":{"loc":{"start":{"line":15,"column":4},"end":{"line":17,"column":null}},"type":"if","locations":[{"start":{"line":15,"column":4},"end":{"line":17,"column":null}},{"start":{},"end":{}}],"line":15}},"s":{"0":2,"1":3,"2":11,"3":0,"4":11,"5":11,"6":11,"7":0},"f":{"0":2,"1":11},"b":{"0":[0,11],"1":[11,0]},"meta":{"lastBranch":2,"lastFunction":2,"lastStatement":8,"seen":{"f:5:16:5:24":0,"s:6:2:6:Infinity":0,"s:9:20:20:Infinity":1,"f:10:2:10:6":1,"b:11:4:13:Infinity:undefined:undefined:undefined:undefined":0,"s:11:4:13:Infinity":2,"s:12:6:12:Infinity":3,"s:14:19:14:Infinity":4,"b:15:4:17:Infinity:undefined:undefined:undefined:undefined":1,"s:15:4:17:Infinity":5,"s:16:6:16:Infinity":6,"s:18:4:18:Infinity":7}}}
,"/home/girish/girish-saana-fullstack/node/07-Integration-Tested-User-Service/src/middleware/errorHandler.ts": {"path":"/home/girish/girish-saana-fullstack/node/07-Integration-Tested-User-Service/src/middleware/errorHandler.ts","statementMap":{"0":{"start":{"line":9,"column":2},"end":{"line":9,"column":null}},"1":{"start":{"line":10,"column":2},"end":{"line":10,"column":null}}},"fnMap":{"0":{"name":"errorHandler","decl":{"start":{"line":3,"column":16},"end":{"line":3,"column":null}},"loc":{"start":{"line":8,"column":2},"end":{"line":11,"column":null}},"line":8}},"branchMap":{},"s":{"0":1,"1":1},"f":{"0":1},"b":{},"meta":{"lastBranch":0,"lastFunction":1,"lastStatement":2,"seen":{"f:3:16:3:Infinity":0,"s:9:2:9:Infinity":0,"s:10:2:10:Infinity":1}}}
,"/home/girish/girish-saana-fullstack/node/07-Integration-Tested-User-Service/src/repo/notes.repo.ts": {"path":"/home/girish/girish-saana-fullstack/node/07-Integration-Tested-User-Service/src/repo/notes.repo.ts","statementMap":{"0":{"start":{"line":4,"column":17},"end":{"line":7,"column":null}},"1":{"start":{"line":8,"column":2},"end":{"line":8,"column":null}},"2":{"start":{"line":12,"column":17},"end":{"line":15,"column":null}},"3":{"start":{"line":16,"column":2},"end":{"line":16,"column":null}},"4":{"start":{"line":20,"column":17},"end":{"line":20,"column":null}},"5":{"start":{"line":21,"column":2},"end":{"line":21,"column":null}}},"fnMap":{"0":{"name":"createNote","decl":{"start":{"line":3,"column":22},"end":{"line":3,"column":33}},"loc":{"start":{"line":3,"column":66},"end":{"line":9,"column":null}},"line":3},"1":{"name":"getNotesByUser","decl":{"start":{"line":11,"column":22},"end":{"line":11,"column":37}},"loc":{"start":{"line":11,"column":53},"end":{"line":17,"column":null}},"line":11},"2":{"name":"getNote","decl":{"start":{"line":19,"column":22},"end":{"line":19,"column":30}},"loc":{"start":{"line":19,"column":42},"end":{"line":22,"column":null}},"line":19}},"branchMap":{},"s":{"0":2,"1":1,"2":2,"3":2,"4":2,"5":2},"f":{"0":2,"1":2,"2":2},"b":{},"meta":{"lastBranch":0,"lastFunction":3,"lastStatement":6,"seen":{"f:3:22:3:33":0,"s:4:17:7:Infinity":0,"s:8:2:8:Infinity":1,"f:11:22:11:37":1,"s:12:17:15:Infinity":2,"s:16:2:16:Infinity":3,"f:19:22:19:30":2,"s:20:17:20:Infinity":4,"s:21:2:21:Infinity":5}}}
,"/home/girish/girish-saana-fullstack/node/07-Integration-Tested-User-Service/src/repo/users.repo.ts": {"path":"/home/girish/girish-saana-fullstack/node/07-Integration-Tested-User-Service/src/repo/users.repo.ts","statementMap":{"0":{"start":{"line":4,"column":17},"end":{"line":9,"column":null}},"1":{"start":{"line":11,"column":2},"end":{"line":11,"column":null}},"2":{"start":{"line":15,"column":17},"end":{"line":15,"column":null}},"3":{"start":{"line":17,"column":2},"end":{"line":17,"column":null}}},"fnMap":{"0":{"name":"createUser","decl":{"start":{"line":3,"column":22},"end":{"line":3,"column":33}},"loc":{"start":{"line":3,"column":62},"end":{"line":12,"column":null}},"line":3},"1":{"name":"getUser","decl":{"start":{"line":14,"column":22},"end":{"line":14,"column":30}},"loc":{"start":{"line":14,"column":42},"end":{"line":18,"column":null}},"line":14}},"branchMap":{},"s":{"0":3,"1":2,"2":2,"3":2},"f":{"0":3,"1":2},"b":{},"meta":{"lastBranch":0,"lastFunction":2,"lastStatement":4,"seen":{"f:3:22:3:33":0,"s:4:17:9:Infinity":0,"s:11:2:11:Infinity":1,"f:14:22:14:30":1,"s:15:17:15:Infinity":2,"s:17:2:17:Infinity":3}}}
,"/home/girish/girish-saana-fullstack/node/07-Integration-Tested-User-Service/src/routes/notes.routes.ts": {"path":"/home/girish/girish-saana-fullstack/node/07-Integration-Tested-User-Service/src/routes/notes.routes.ts","statementMap":{"0":{"start":{"line":4,"column":15},"end":{"line":4,"column":null}},"1":{"start":{"line":6,"column":0},"end":{"line":6,"column":null}},"2":{"start":{"line":7,"column":0},"end":{"line":7,"column":null}},"3":{"start":{"line":8,"column":0},"end":{"line":8,"column":null}}},"fnMap":{},"branchMap":{},"s":{"0":3,"1":3,"2":3,"3":3},"f":{},"b":{},"meta":{"lastBranch":0,"lastFunction":0,"lastStatement":4,"seen":{"s:4:15:4:Infinity":0,"s:6:0:6:Infinity":1,"s:7:0:7:Infinity":2,"s:8:0:8:Infinity":3}}}
,"/home/girish/girish-saana-fullstack/node/07-Integration-Tested-User-Service/src/routes/users.routes.ts": {"path":"/home/girish/girish-saana-fullstack/node/07-Integration-Tested-User-Service/src/routes/users.routes.ts","statementMap":{"0":{"start":{"line":4,"column":15},"end":{"line":4,"column":null}},"1":{"start":{"line":6,"column":0},"end":{"line":6,"column":null}},"2":{"start":{"line":7,"column":0},"end":{"line":7,"column":null}}},"fnMap":{},"branchMap":{},"s":{"0":3,"1":3,"2":3},"f":{},"b":{},"meta":{"lastBranch":0,"lastFunction":0,"lastStatement":3,"seen":{"s:4:15:4:Infinity":0,"s:6:0:6:Infinity":1,"s:7:0:7:Infinity":2}}}
,"/home/girish/girish-saana-fullstack/node/07-Integration-Tested-User-Service/src/services/external.service.ts": {"path":"/home/girish/girish-saana-fullstack/node/07-Integration-Tested-User-Service/src/services/external.service.ts","statementMap":{"0":{"start":{"line":3,"column":19},"end":{"line":3,"column":null}},"1":{"start":{"line":8,"column":4},"end":{"line":8,"column":null}},"2":{"start":{"line":9,"column":4},"end":{"line":9,"column":null}},"3":{"start":{"line":14,"column":2},"end":{"line":27,"column":null}},"4":{"start":{"line":15,"column":21},"end":{"line":17,"column":null}},"5":{"start":{"line":18,"column":4},"end":{"line":18,"column":null}},"6":{"start":{"line":20,"column":4},"end":{"line":25,"column":null}},"7":{"start":{"line":21,"column":6},"end":{"line":24,"column":null}},"8":{"start":{"line":26,"column":4},"end":{"line":26,"column":null}}},"fnMap":{"0":{"name":"(anonymous_0)","decl":{"start":{"line":7,"column":2},"end":{"line":7,"column":14}},"loc":{"start":{"line":7,"column":47},"end":{"line":10,"column":null}},"line":7},"1":{"name":"getGithubUser","decl":{"start":{"line":13,"column":22},"end":{"line":13,"column":36}},"loc":{"start":{"line":13,"column":54},"end":{"line":28,"column":null}},"line":13}},"branchMap":{"0":{"loc":{"start":{"line":20,"column":4},"end":{"line":25,"column":null}},"type":"if","locations":[{"start":{"line":20,"column":4},"end":{"line":25,"column":null}},{"start":{},"end":{}}],"line":20},"1":{"loc":{"start":{"line":20,"column":8},"end":{"line":20,"column":51}},"type":"binary-expr","locations":[{"start":{"line":20,"column":8},"end":{"line":20,"column":37}},{"start":{"line":20,"column":37},"end":{"line":20,"column":51}}],"line":20},"2":{"loc":{"start":{"line":22,"column":8},"end":{"line":22,"column":null}},"type":"binary-expr","locations":[{"start":{"line":22,"column":8},"end":{"line":22,"column":38}},{"start":{"line":22,"column":38},"end":{"line":22,"column":null}}],"line":22}},"s":{"0":3,"1":2,"2":2,"3":4,"4":4,"5":1,"6":3,"7":2,"8":1},"f":{"0":2,"1":4},"b":{"0":[2,1],"1":[3,3],"2":[2,0]},"meta":{"lastBranch":3,"lastFunction":2,"lastStatement":9,"seen":{"s:3:19:3:Infinity":0,"f:7:2:7:14":0,"s:8:4:8:Infinity":1,"s:9:4:9:Infinity":2,"f:13:22:13:36":1,"s:14:2:27:Infinity":3,"s:15:21:17:Infinity":4,"s:18:4:18:Infinity":5,"b:20:4:25:Infinity:undefined:undefined:undefined:undefined":0,"s:20:4:25:Infinity":6,"b:20:8:20:37:20:37:20:51":1,"s:21:6:24:Infinity":7,"b:22:8:22:38:22:38:22:Infinity":2,"s:26:4:26:Infinity":8}}}
,"/home/girish/girish-saana-fullstack/node/07-Integration-Tested-User-Service/src/services/notes.service.ts": {"path":"/home/girish/girish-saana-fullstack/node/07-Integration-Tested-User-Service/src/services/notes.service.ts","statementMap":{"0":{"start":{"line":4,"column":2},"end":{"line":4,"column":null}},"1":{"start":{"line":8,"column":2},"end":{"line":8,"column":null}},"2":{"start":{"line":12,"column":2},"end":{"line":12,"column":null}}},"fnMap":{"0":{"name":"createNote","decl":{"start":{"line":3,"column":22},"end":{"line":3,"column":33}},"loc":{"start":{"line":3,"column":66},"end":{"line":5,"column":null}},"line":3},"1":{"name":"getNotesByUser","decl":{"start":{"line":7,"column":22},"end":{"line":7,"column":37}},"loc":{"start":{"line":7,"column":53},"end":{"line":9,"column":null}},"line":7},"2":{"name":"getNote","decl":{"start":{"line":11,"column":22},"end":{"line":11,"column":30}},"loc":{"start":{"line":11,"column":42},"end":{"line":13,"column":null}},"line":11}},"branchMap":{},"s":{"0":2,"1":2,"2":2},"f":{"0":2,"1":2,"2":2},"b":{},"meta":{"lastBranch":0,"lastFunction":3,"lastStatement":3,"seen":{"f:3:22:3:33":0,"s:4:2:4:Infinity":0,"f:7:22:7:37":1,"s:8:2:8:Infinity":1,"f:11:22:11:30":2,"s:12:2:12:Infinity":2}}}
,"/home/girish/girish-saana-fullstack/node/07-Integration-Tested-User-Service/src/services/users.service.ts": {"path":"/home/girish/girish-saana-fullstack/node/07-Integration-Tested-User-Service/src/services/users.service.ts","statementMap":{"0":{"start":{"line":4,"column":2},"end":{"line":4,"column":null}},"1":{"start":{"line":8,"column":2},"end":{"line":8,"column":null}}},"fnMap":{"0":{"name":"createUser","decl":{"start":{"line":3,"column":22},"end":{"line":3,"column":33}},"loc":{"start":{"line":3,"column":62},"end":{"line":5,"column":null}},"line":3},"1":{"name":"getUser","decl":{"start":{"line":7,"column":22},"end":{"line":7,"column":30}},"loc":{"start":{"line":7,"column":42},"end":{"line":9,"column":null}},"line":7}},"branchMap":{},"s":{"0":3,"1":2},"f":{"0":3,"1":2},"b":{},"meta":{"lastBranch":0,"lastFunction":2,"lastStatement":2,"seen":{"f:3:22:3:33":0,"s:4:2:4:Infinity":0,"f:7:22:7:30":1,"s:8:2:8:Infinity":1}}}
}
